{"timestamp":"2025-08-27 09:41:19.722","level":"warn","message":"Invalid leadId provided to hashToBucket","correlationId":"no-correlation","service":"mailmind-api","environment":"test","leadId":""}
{"timestamp":"2025-08-27 09:41:19.727","level":"warn","message":"Invalid leadId provided to hashToBucket","correlationId":"no-correlation","service":"mailmind-api","environment":"test","leadId":null}
{"timestamp":"2025-08-27 09:41:19.729","level":"debug","message":"A/B test assignment completed","correlationId":"no-correlation","service":"mailmind-api","environment":"test","leadId":"test-lead","bucket":1,"variant":"A","cumulative":50,"percentAssigned":50}
{"timestamp":"2025-08-27 09:41:19.730","level":"debug","message":"No A/B test config, using latest version","correlationId":"no-correlation","service":"mailmind-api","environment":"test","leadId":"lead-x","latestKey":"v3","bucketAssignment":89,"availableVersions":["v1","v2","v3"]}
{"timestamp":"2025-08-27 09:41:19.731","level":"debug","message":"No A/B test config, using latest version","correlationId":"no-correlation","service":"mailmind-api","environment":"test","leadId":"lead-legacy","latestKey":"default","bucketAssignment":57,"availableVersions":["default"]}
{"timestamp":"2025-08-27 09:41:19.732","level":"debug","message":"A/B test assignment completed","correlationId":"no-correlation","service":"mailmind-api","environment":"test","leadId":"lead-0","bucket":21,"variant":"A","cumulative":30,"percentAssigned":30}
{"timestamp":"2025-08-27 09:41:19.732","level":"debug","message":"A/B test assignment completed","correlationId":"no-correlation","service":"mailmind-api","environment":"test","leadId":"lead-1","bucket":78,"variant":"B","cumulative":100,"percentAssigned":70}
{"timestamp":"2025-08-27 09:41:19.732","level":"debug","message":"A/B test assignment completed","correlationId":"no-correlation","service":"mailmind-api","environment":"test","leadId":"lead-2","bucket":62,"variant":"B","cumulative":100,"percentAssigned":70}
{"timestamp":"2025-08-27 09:41:19.732","level":"debug","message":"A/B test assignment completed","correlationId":"no-correlation","service":"mailmind-api","environment":"test","leadId":"lead-3","bucket":84,"variant":"B","cumulative":100,"percentAssigned":70}
{"timestamp":"2025-08-27 09:41:19.733","level":"debug","message":"A/B test assignment completed","correlationId":"no-correlation","service":"mailmind-api","environment":"test","leadId":"lead-4","bucket":25,"variant":"A","cumulative":30,"percentAssigned":30}
{"timestamp":"2025-08-27 09:41:19.733","level":"debug","message":"A/B test assignment completed","correlationId":"no-correlation","service":"mailmind-api","environment":"test","leadId":"lead-5","bucket":77,"variant":"B","cumulative":100,"percentAssigned":70}
{"timestamp":"2025-08-27 09:41:19.734","level":"debug","message":"A/B test assignment completed","correlationId":"no-correlation","service":"mailmind-api","environment":"test","leadId":"lead-6","bucket":79,"variant":"B","cumulative":100,"percentAssigned":70}
{"timestamp":"2025-08-27 09:41:19.734","level":"debug","message":"A/B test assignment completed","correlationId":"no-correlation","service":"mailmind-api","environment":"test","leadId":"lead-7","bucket":24,"variant":"A","cumulative":30,"percentAssigned":30}
{"timestamp":"2025-08-27 09:41:19.734","level":"debug","message":"A/B test assignment completed","correlationId":"no-correlation","service":"mailmind-api","environment":"test","leadId":"lead-8","bucket":77,"variant":"B","cumulative":100,"percentAssigned":70}
{"timestamp":"2025-08-27 09:41:19.734","level":"debug","message":"A/B test assignment completed","correlationId":"no-correlation","service":"mailmind-api","environment":"test","leadId":"lead-9","bucket":10,"variant":"A","cumulative":30,"percentAssigned":30}
{"timestamp":"2025-08-27 09:41:19.734","level":"debug","message":"A/B test assignment completed","correlationId":"no-correlation","service":"mailmind-api","environment":"test","leadId":"lead-10","bucket":36,"variant":"B","cumulative":100,"percentAssigned":70}
{"timestamp":"2025-08-27 09:41:19.734","level":"debug","message":"A/B test assignment completed","correlationId":"no-correlation","service":"mailmind-api","environment":"test","leadId":"lead-11","bucket":49,"variant":"B","cumulative":100,"percentAssigned":70}
{"timestamp":"2025-08-27 09:41:19.735","level":"debug","message":"A/B test assignment completed","correlationId":"no-correlation","service":"mailmind-api","environment":"test","leadId":"lead-12","bucket":80,"variant":"B","cumulative":100,"percentAssigned":70}
{"timestamp":"2025-08-27 09:41:19.735","level":"debug","message":"A/B test assignment completed","correlationId":"no-correlation","service":"mailmind-api","environment":"test","leadId":"lead-13","bucket":95,"variant":"B","cumulative":100,"percentAssigned":70}
{"timestamp":"2025-08-27 09:41:19.735","level":"debug","message":"A/B test assignment completed","correlationId":"no-correlation","service":"mailmind-api","environment":"test","leadId":"lead-14","bucket":0,"variant":"A","cumulative":30,"percentAssigned":30}
{"timestamp":"2025-08-27 09:41:19.735","level":"debug","message":"A/B test assignment completed","correlationId":"no-correlation","service":"mailmind-api","environment":"test","leadId":"lead-15","bucket":40,"variant":"B","cumulative":100,"percentAssigned":70}
{"timestamp":"2025-08-27 09:41:19.735","level":"debug","message":"A/B test assignment completed","correlationId":"no-correlation","service":"mailmind-api","environment":"test","leadId":"lead-16","bucket":8,"variant":"A","cumulative":30,"percentAssigned":30}
{"timestamp":"2025-08-27 09:41:19.735","level":"debug","message":"A/B test assignment completed","correlationId":"no-correlation","service":"mailmind-api","environment":"test","leadId":"lead-17","bucket":8,"variant":"A","cumulative":30,"percentAssigned":30}
{"timestamp":"2025-08-27 09:41:19.735","level":"debug","message":"A/B test assignment completed","correlationId":"no-correlation","service":"mailmind-api","environment":"test","leadId":"lead-18","bucket":63,"variant":"B","cumulative":100,"percentAssigned":70}
{"timestamp":"2025-08-27 09:41:19.735","level":"debug","message":"A/B test assignment completed","correlationId":"no-correlation","service":"mailmind-api","environment":"test","leadId":"lead-19","bucket":52,"variant":"B","cumulative":100,"percentAssigned":70}
{"timestamp":"2025-08-27 09:41:19.735","level":"debug","message":"A/B test assignment completed","correlationId":"no-correlation","service":"mailmind-api","environment":"test","leadId":"lead-20","bucket":26,"variant":"A","cumulative":30,"percentAssigned":30}
{"timestamp":"2025-08-27 09:41:19.735","level":"debug","message":"A/B test assignment completed","correlationId":"no-correlation","service":"mailmind-api","environment":"test","leadId":"lead-21","bucket":4,"variant":"A","cumulative":30,"percentAssigned":30}
{"timestamp":"2025-08-27 09:41:19.736","level":"debug","message":"A/B test assignment completed","correlationId":"no-correlation","service":"mailmind-api","environment":"test","leadId":"lead-22","bucket":9,"variant":"A","cumulative":30,"percentAssigned":30}
{"timestamp":"2025-08-27 09:41:19.736","level":"debug","message":"A/B test assignment completed","correlationId":"no-correlation","service":"mailmind-api","environment":"test","leadId":"lead-23","bucket":43,"variant":"B","cumulative":100,"percentAssigned":70}
{"timestamp":"2025-08-27 09:41:19.736","level":"debug","message":"A/B test assignment completed","correlationId":"no-correlation","service":"mailmind-api","environment":"test","leadId":"lead-24","bucket":86,"variant":"B","cumulative":100,"percentAssigned":70}
{"timestamp":"2025-08-27 09:41:19.736","level":"debug","message":"A/B test assignment completed","correlationId":"no-correlation","service":"mailmind-api","environment":"test","leadId":"lead-25","bucket":83,"variant":"B","cumulative":100,"percentAssigned":70}
{"timestamp":"2025-08-27 09:41:19.736","level":"debug","message":"A/B test assignment completed","correlationId":"no-correlation","service":"mailmind-api","environment":"test","leadId":"lead-26","bucket":31,"variant":"B","cumulative":100,"percentAssigned":70}
{"timestamp":"2025-08-27 09:41:19.736","level":"debug","message":"A/B test assignment completed","correlationId":"no-correlation","service":"mailmind-api","environment":"test","leadId":"lead-27","bucket":45,"variant":"B","cumulative":100,"percentAssigned":70}
{"timestamp":"2025-08-27 09:41:19.736","level":"debug","message":"A/B test assignment completed","correlationId":"no-correlation","service":"mailmind-api","environment":"test","leadId":"lead-28","bucket":34,"variant":"B","cumulative":100,"percentAssigned":70}
{"timestamp":"2025-08-27 09:41:19.736","level":"debug","message":"A/B test assignment completed","correlationId":"no-correlation","service":"mailmind-api","environment":"test","leadId":"lead-29","bucket":54,"variant":"B","cumulative":100,"percentAssigned":70}
{"timestamp":"2025-08-27 09:41:19.736","level":"debug","message":"A/B test assignment completed","correlationId":"no-correlation","service":"mailmind-api","environment":"test","leadId":"lead-30","bucket":74,"variant":"B","cumulative":100,"percentAssigned":70}
{"timestamp":"2025-08-27 09:41:19.736","level":"debug","message":"A/B test assignment completed","correlationId":"no-correlation","service":"mailmind-api","environment":"test","leadId":"lead-31","bucket":55,"variant":"B","cumulative":100,"percentAssigned":70}
{"timestamp":"2025-08-27 09:41:19.737","level":"debug","message":"A/B test assignment completed","correlationId":"no-correlation","service":"mailmind-api","environment":"test","leadId":"lead-32","bucket":2,"variant":"A","cumulative":30,"percentAssigned":30}
{"timestamp":"2025-08-27 09:41:19.737","level":"debug","message":"A/B test assignment completed","correlationId":"no-correlation","service":"mailmind-api","environment":"test","leadId":"lead-33","bucket":92,"variant":"B","cumulative":100,"percentAssigned":70}
{"timestamp":"2025-08-27 09:41:19.737","level":"debug","message":"A/B test assignment completed","correlationId":"no-correlation","service":"mailmind-api","environment":"test","leadId":"lead-34","bucket":41,"variant":"B","cumulative":100,"percentAssigned":70}
{"timestamp":"2025-08-27 09:41:19.737","level":"debug","message":"A/B test assignment completed","correlationId":"no-correlation","service":"mailmind-api","environment":"test","leadId":"lead-35","bucket":52,"variant":"B","cumulative":100,"percentAssigned":70}
{"timestamp":"2025-08-27 09:41:19.737","level":"debug","message":"A/B test assignment completed","correlationId":"no-correlation","service":"mailmind-api","environment":"test","leadId":"lead-36","bucket":40,"variant":"B","cumulative":100,"percentAssigned":70}
{"timestamp":"2025-08-27 09:41:19.737","level":"debug","message":"A/B test assignment completed","correlationId":"no-correlation","service":"mailmind-api","environment":"test","leadId":"lead-37","bucket":97,"variant":"B","cumulative":100,"percentAssigned":70}
{"timestamp":"2025-08-27 09:41:19.737","level":"debug","message":"A/B test assignment completed","correlationId":"no-correlation","service":"mailmind-api","environment":"test","leadId":"lead-38","bucket":36,"variant":"B","cumulative":100,"percentAssigned":70}
{"timestamp":"2025-08-27 09:41:19.737","level":"debug","message":"A/B test assignment completed","correlationId":"no-correlation","service":"mailmind-api","environment":"test","leadId":"lead-39","bucket":34,"variant":"B","cumulative":100,"percentAssigned":70}
{"timestamp":"2025-08-27 09:41:19.738","level":"debug","message":"A/B test assignment completed","correlationId":"no-correlation","service":"mailmind-api","environment":"test","leadId":"lead-40","bucket":92,"variant":"B","cumulative":100,"percentAssigned":70}
{"timestamp":"2025-08-27 09:41:19.738","level":"debug","message":"A/B test assignment completed","correlationId":"no-correlation","service":"mailmind-api","environment":"test","leadId":"lead-41","bucket":77,"variant":"B","cumulative":100,"percentAssigned":70}
{"timestamp":"2025-08-27 09:41:19.738","level":"debug","message":"A/B test assignment completed","correlationId":"no-correlation","service":"mailmind-api","environment":"test","leadId":"lead-42","bucket":47,"variant":"B","cumulative":100,"percentAssigned":70}
{"timestamp":"2025-08-27 09:41:19.738","level":"debug","message":"A/B test assignment completed","correlationId":"no-correlation","service":"mailmind-api","environment":"test","leadId":"lead-43","bucket":31,"variant":"B","cumulative":100,"percentAssigned":70}
{"timestamp":"2025-08-27 09:41:19.738","level":"debug","message":"A/B test assignment completed","correlationId":"no-correlation","service":"mailmind-api","environment":"test","leadId":"lead-44","bucket":49,"variant":"B","cumulative":100,"percentAssigned":70}
{"timestamp":"2025-08-27 09:41:19.738","level":"debug","message":"A/B test assignment completed","correlationId":"no-correlation","service":"mailmind-api","environment":"test","leadId":"lead-45","bucket":44,"variant":"B","cumulative":100,"percentAssigned":70}
{"timestamp":"2025-08-27 09:41:19.739","level":"debug","message":"A/B test assignment completed","correlationId":"no-correlation","service":"mailmind-api","environment":"test","leadId":"lead-46","bucket":87,"variant":"B","cumulative":100,"percentAssigned":70}
{"timestamp":"2025-08-27 09:41:19.739","level":"debug","message":"A/B test assignment completed","correlationId":"no-correlation","service":"mailmind-api","environment":"test","leadId":"lead-47","bucket":75,"variant":"B","cumulative":100,"percentAssigned":70}
{"timestamp":"2025-08-27 09:41:19.739","level":"debug","message":"A/B test assignment completed","correlationId":"no-correlation","service":"mailmind-api","environment":"test","leadId":"lead-48","bucket":50,"variant":"B","cumulative":100,"percentAssigned":70}
{"timestamp":"2025-08-27 09:41:19.739","level":"debug","message":"A/B test assignment completed","correlationId":"no-correlation","service":"mailmind-api","environment":"test","leadId":"lead-49","bucket":26,"variant":"A","cumulative":30,"percentAssigned":30}
{"timestamp":"2025-08-27 09:41:19.739","level":"debug","message":"A/B test assignment completed","correlationId":"no-correlation","service":"mailmind-api","environment":"test","leadId":"lead-50","bucket":60,"variant":"B","cumulative":100,"percentAssigned":70}
{"timestamp":"2025-08-27 09:41:19.739","level":"debug","message":"A/B test assignment completed","correlationId":"no-correlation","service":"mailmind-api","environment":"test","leadId":"lead-51","bucket":91,"variant":"B","cumulative":100,"percentAssigned":70}
{"timestamp":"2025-08-27 09:41:19.739","level":"debug","message":"A/B test assignment completed","correlationId":"no-correlation","service":"mailmind-api","environment":"test","leadId":"lead-52","bucket":79,"variant":"B","cumulative":100,"percentAssigned":70}
{"timestamp":"2025-08-27 09:41:19.739","level":"debug","message":"A/B test assignment completed","correlationId":"no-correlation","service":"mailmind-api","environment":"test","leadId":"lead-53","bucket":51,"variant":"B","cumulative":100,"percentAssigned":70}
{"timestamp":"2025-08-27 09:41:19.739","level":"debug","message":"A/B test assignment completed","correlationId":"no-correlation","service":"mailmind-api","environment":"test","leadId":"lead-54","bucket":98,"variant":"B","cumulative":100,"percentAssigned":70}
{"timestamp":"2025-08-27 09:41:19.739","level":"debug","message":"A/B test assignment completed","correlationId":"no-correlation","service":"mailmind-api","environment":"test","leadId":"lead-55","bucket":36,"variant":"B","cumulative":100,"percentAssigned":70}
{"timestamp":"2025-08-27 09:41:19.739","level":"debug","message":"A/B test assignment completed","correlationId":"no-correlation","service":"mailmind-api","environment":"test","leadId":"lead-56","bucket":32,"variant":"B","cumulative":100,"percentAssigned":70}
{"timestamp":"2025-08-27 09:41:19.739","level":"debug","message":"A/B test assignment completed","correlationId":"no-correlation","service":"mailmind-api","environment":"test","leadId":"lead-57","bucket":77,"variant":"B","cumulative":100,"percentAssigned":70}
{"timestamp":"2025-08-27 09:41:19.739","level":"debug","message":"A/B test assignment completed","correlationId":"no-correlation","service":"mailmind-api","environment":"test","leadId":"lead-58","bucket":35,"variant":"B","cumulative":100,"percentAssigned":70}
{"timestamp":"2025-08-27 09:41:19.739","level":"debug","message":"A/B test assignment completed","correlationId":"no-correlation","service":"mailmind-api","environment":"test","leadId":"lead-59","bucket":18,"variant":"A","cumulative":30,"percentAssigned":30}
{"timestamp":"2025-08-27 09:41:19.739","level":"debug","message":"A/B test assignment completed","correlationId":"no-correlation","service":"mailmind-api","environment":"test","leadId":"lead-60","bucket":22,"variant":"A","cumulative":30,"percentAssigned":30}
{"timestamp":"2025-08-27 09:41:19.739","level":"debug","message":"A/B test assignment completed","correlationId":"no-correlation","service":"mailmind-api","environment":"test","leadId":"lead-61","bucket":91,"variant":"B","cumulative":100,"percentAssigned":70}
{"timestamp":"2025-08-27 09:41:19.739","level":"debug","message":"A/B test assignment completed","correlationId":"no-correlation","service":"mailmind-api","environment":"test","leadId":"lead-62","bucket":55,"variant":"B","cumulative":100,"percentAssigned":70}
{"timestamp":"2025-08-27 09:41:19.739","level":"debug","message":"A/B test assignment completed","correlationId":"no-correlation","service":"mailmind-api","environment":"test","leadId":"lead-63","bucket":64,"variant":"B","cumulative":100,"percentAssigned":70}
{"timestamp":"2025-08-27 09:41:19.739","level":"debug","message":"A/B test assignment completed","correlationId":"no-correlation","service":"mailmind-api","environment":"test","leadId":"lead-64","bucket":46,"variant":"B","cumulative":100,"percentAssigned":70}
{"timestamp":"2025-08-27 09:41:19.739","level":"debug","message":"A/B test assignment completed","correlationId":"no-correlation","service":"mailmind-api","environment":"test","leadId":"lead-65","bucket":96,"variant":"B","cumulative":100,"percentAssigned":70}
{"timestamp":"2025-08-27 09:41:19.739","level":"debug","message":"A/B test assignment completed","correlationId":"no-correlation","service":"mailmind-api","environment":"test","leadId":"lead-66","bucket":30,"variant":"B","cumulative":100,"percentAssigned":70}
{"timestamp":"2025-08-27 09:41:19.739","level":"debug","message":"A/B test assignment completed","correlationId":"no-correlation","service":"mailmind-api","environment":"test","leadId":"lead-67","bucket":44,"variant":"B","cumulative":100,"percentAssigned":70}
{"timestamp":"2025-08-27 09:41:19.739","level":"debug","message":"A/B test assignment completed","correlationId":"no-correlation","service":"mailmind-api","environment":"test","leadId":"lead-68","bucket":92,"variant":"B","cumulative":100,"percentAssigned":70}
{"timestamp":"2025-08-27 09:41:19.739","level":"debug","message":"A/B test assignment completed","correlationId":"no-correlation","service":"mailmind-api","environment":"test","leadId":"lead-69","bucket":9,"variant":"A","cumulative":30,"percentAssigned":30}
{"timestamp":"2025-08-27 09:41:19.739","level":"debug","message":"A/B test assignment completed","correlationId":"no-correlation","service":"mailmind-api","environment":"test","leadId":"lead-70","bucket":4,"variant":"A","cumulative":30,"percentAssigned":30}
{"timestamp":"2025-08-27 09:41:19.739","level":"debug","message":"A/B test assignment completed","correlationId":"no-correlation","service":"mailmind-api","environment":"test","leadId":"lead-71","bucket":99,"variant":"B","cumulative":100,"percentAssigned":70}
{"timestamp":"2025-08-27 09:41:19.740","level":"debug","message":"A/B test assignment completed","correlationId":"no-correlation","service":"mailmind-api","environment":"test","leadId":"lead-72","bucket":12,"variant":"A","cumulative":30,"percentAssigned":30}
{"timestamp":"2025-08-27 09:41:19.740","level":"debug","message":"A/B test assignment completed","correlationId":"no-correlation","service":"mailmind-api","environment":"test","leadId":"lead-73","bucket":3,"variant":"A","cumulative":30,"percentAssigned":30}
{"timestamp":"2025-08-27 09:41:19.740","level":"debug","message":"A/B test assignment completed","correlationId":"no-correlation","service":"mailmind-api","environment":"test","leadId":"lead-74","bucket":34,"variant":"B","cumulative":100,"percentAssigned":70}
{"timestamp":"2025-08-27 09:41:19.740","level":"debug","message":"A/B test assignment completed","correlationId":"no-correlation","service":"mailmind-api","environment":"test","leadId":"lead-75","bucket":46,"variant":"B","cumulative":100,"percentAssigned":70}
{"timestamp":"2025-08-27 09:41:19.740","level":"debug","message":"A/B test assignment completed","correlationId":"no-correlation","service":"mailmind-api","environment":"test","leadId":"lead-76","bucket":18,"variant":"A","cumulative":30,"percentAssigned":30}
{"timestamp":"2025-08-27 09:41:19.740","level":"debug","message":"A/B test assignment completed","correlationId":"no-correlation","service":"mailmind-api","environment":"test","leadId":"lead-77","bucket":13,"variant":"A","cumulative":30,"percentAssigned":30}
{"timestamp":"2025-08-27 09:41:19.740","level":"debug","message":"A/B test assignment completed","correlationId":"no-correlation","service":"mailmind-api","environment":"test","leadId":"lead-78","bucket":26,"variant":"A","cumulative":30,"percentAssigned":30}
{"timestamp":"2025-08-27 09:41:19.740","level":"debug","message":"A/B test assignment completed","correlationId":"no-correlation","service":"mailmind-api","environment":"test","leadId":"lead-79","bucket":74,"variant":"B","cumulative":100,"percentAssigned":70}
{"timestamp":"2025-08-27 09:41:19.740","level":"debug","message":"A/B test assignment completed","correlationId":"no-correlation","service":"mailmind-api","environment":"test","leadId":"lead-80","bucket":48,"variant":"B","cumulative":100,"percentAssigned":70}
{"timestamp":"2025-08-27 09:41:19.740","level":"debug","message":"A/B test assignment completed","correlationId":"no-correlation","service":"mailmind-api","environment":"test","leadId":"lead-81","bucket":6,"variant":"A","cumulative":30,"percentAssigned":30}
{"timestamp":"2025-08-27 09:41:19.740","level":"debug","message":"A/B test assignment completed","correlationId":"no-correlation","service":"mailmind-api","environment":"test","leadId":"lead-82","bucket":20,"variant":"A","cumulative":30,"percentAssigned":30}
{"timestamp":"2025-08-27 09:41:19.740","level":"debug","message":"A/B test assignment completed","correlationId":"no-correlation","service":"mailmind-api","environment":"test","leadId":"lead-83","bucket":29,"variant":"A","cumulative":30,"percentAssigned":30}
{"timestamp":"2025-08-27 09:41:19.741","level":"debug","message":"A/B test assignment completed","correlationId":"no-correlation","service":"mailmind-api","environment":"test","leadId":"lead-84","bucket":26,"variant":"A","cumulative":30,"percentAssigned":30}
{"timestamp":"2025-08-27 09:41:19.741","level":"debug","message":"A/B test assignment completed","correlationId":"no-correlation","service":"mailmind-api","environment":"test","leadId":"lead-85","bucket":87,"variant":"B","cumulative":100,"percentAssigned":70}
{"timestamp":"2025-08-27 09:41:19.741","level":"debug","message":"A/B test assignment completed","correlationId":"no-correlation","service":"mailmind-api","environment":"test","leadId":"lead-86","bucket":0,"variant":"A","cumulative":30,"percentAssigned":30}
{"timestamp":"2025-08-27 09:41:19.741","level":"debug","message":"A/B test assignment completed","correlationId":"no-correlation","service":"mailmind-api","environment":"test","leadId":"lead-87","bucket":48,"variant":"B","cumulative":100,"percentAssigned":70}
{"timestamp":"2025-08-27 09:41:19.741","level":"debug","message":"A/B test assignment completed","correlationId":"no-correlation","service":"mailmind-api","environment":"test","leadId":"lead-88","bucket":66,"variant":"B","cumulative":100,"percentAssigned":70}
{"timestamp":"2025-08-27 09:41:19.741","level":"debug","message":"A/B test assignment completed","correlationId":"no-correlation","service":"mailmind-api","environment":"test","leadId":"lead-89","bucket":43,"variant":"B","cumulative":100,"percentAssigned":70}
{"timestamp":"2025-08-27 09:41:19.741","level":"debug","message":"A/B test assignment completed","correlationId":"no-correlation","service":"mailmind-api","environment":"test","leadId":"lead-90","bucket":30,"variant":"B","cumulative":100,"percentAssigned":70}
{"timestamp":"2025-08-27 09:41:19.741","level":"debug","message":"A/B test assignment completed","correlationId":"no-correlation","service":"mailmind-api","environment":"test","leadId":"lead-91","bucket":39,"variant":"B","cumulative":100,"percentAssigned":70}
{"timestamp":"2025-08-27 09:41:19.741","level":"debug","message":"A/B test assignment completed","correlationId":"no-correlation","service":"mailmind-api","environment":"test","leadId":"lead-92","bucket":43,"variant":"B","cumulative":100,"percentAssigned":70}
{"timestamp":"2025-08-27 09:41:19.741","level":"debug","message":"A/B test assignment completed","correlationId":"no-correlation","service":"mailmind-api","environment":"test","leadId":"lead-93","bucket":86,"variant":"B","cumulative":100,"percentAssigned":70}
{"timestamp":"2025-08-27 09:41:19.742","level":"debug","message":"A/B test assignment completed","correlationId":"no-correlation","service":"mailmind-api","environment":"test","leadId":"lead-94","bucket":15,"variant":"A","cumulative":30,"percentAssigned":30}
{"timestamp":"2025-08-27 09:41:19.742","level":"debug","message":"A/B test assignment completed","correlationId":"no-correlation","service":"mailmind-api","environment":"test","leadId":"lead-95","bucket":99,"variant":"B","cumulative":100,"percentAssigned":70}
{"timestamp":"2025-08-27 09:41:19.742","level":"debug","message":"A/B test assignment completed","correlationId":"no-correlation","service":"mailmind-api","environment":"test","leadId":"lead-96","bucket":97,"variant":"B","cumulative":100,"percentAssigned":70}
{"timestamp":"2025-08-27 09:41:19.742","level":"debug","message":"A/B test assignment completed","correlationId":"no-correlation","service":"mailmind-api","environment":"test","leadId":"lead-97","bucket":94,"variant":"B","cumulative":100,"percentAssigned":70}
{"timestamp":"2025-08-27 09:41:19.742","level":"debug","message":"A/B test assignment completed","correlationId":"no-correlation","service":"mailmind-api","environment":"test","leadId":"lead-98","bucket":11,"variant":"A","cumulative":30,"percentAssigned":30}
{"timestamp":"2025-08-27 09:41:19.742","level":"debug","message":"A/B test assignment completed","correlationId":"no-correlation","service":"mailmind-api","environment":"test","leadId":"lead-99","bucket":71,"variant":"B","cumulative":100,"percentAssigned":70}
{"timestamp":"2025-08-27 09:41:19.743","level":"warn","message":"Invalid template provided","correlationId":"no-correlation","service":"mailmind-api","environment":"test","template":null,"leadId":"lead-test"}
{"timestamp":"2025-08-27 09:41:19.744","level":"debug","message":"A/B test assignment completed","correlationId":"no-correlation","service":"mailmind-api","environment":"test","leadId":"lead-fallback","bucket":47,"variant":"A","cumulative":50,"percentAssigned":50}
{"timestamp":"2025-08-27 12:14:27.568","level":"info","message":"🛑 Received SIGTERM, shutting down gracefully","correlationId":"no-correlation","service":"mailmind-api","environment":"development","component":"server","operation":"shutdown","signal":"SIGTERM"}
{"timestamp":"2025-08-27 23:35:35.736","level":"warn","message":"Invalid leadId provided to hashToBucket","correlationId":"no-correlation","service":"mailmind-api","environment":"test","leadId":""}
{"timestamp":"2025-08-27 23:35:35.739","level":"warn","message":"Invalid leadId provided to hashToBucket","correlationId":"no-correlation","service":"mailmind-api","environment":"test","leadId":null}
{"timestamp":"2025-08-27 23:35:35.740","level":"debug","message":"A/B test assignment completed","correlationId":"no-correlation","service":"mailmind-api","environment":"test","leadId":"test-lead","bucket":1,"variant":"A","cumulative":50,"percentAssigned":50}
{"timestamp":"2025-08-27 23:35:35.741","level":"debug","message":"No A/B test config, using latest version","correlationId":"no-correlation","service":"mailmind-api","environment":"test","leadId":"lead-x","latestKey":"v3","bucketAssignment":89,"availableVersions":["v1","v2","v3"]}
{"timestamp":"2025-08-27 23:35:35.742","level":"debug","message":"No A/B test config, using latest version","correlationId":"no-correlation","service":"mailmind-api","environment":"test","leadId":"lead-legacy","latestKey":"default","bucketAssignment":57,"availableVersions":["default"]}
{"timestamp":"2025-08-27 23:35:35.743","level":"debug","message":"A/B test assignment completed","correlationId":"no-correlation","service":"mailmind-api","environment":"test","leadId":"lead-0","bucket":21,"variant":"A","cumulative":30,"percentAssigned":30}
{"timestamp":"2025-08-27 23:35:35.743","level":"debug","message":"A/B test assignment completed","correlationId":"no-correlation","service":"mailmind-api","environment":"test","leadId":"lead-1","bucket":78,"variant":"B","cumulative":100,"percentAssigned":70}
{"timestamp":"2025-08-27 23:35:35.743","level":"debug","message":"A/B test assignment completed","correlationId":"no-correlation","service":"mailmind-api","environment":"test","leadId":"lead-2","bucket":62,"variant":"B","cumulative":100,"percentAssigned":70}
{"timestamp":"2025-08-27 23:35:35.744","level":"debug","message":"A/B test assignment completed","correlationId":"no-correlation","service":"mailmind-api","environment":"test","leadId":"lead-3","bucket":84,"variant":"B","cumulative":100,"percentAssigned":70}
{"timestamp":"2025-08-27 23:35:35.744","level":"debug","message":"A/B test assignment completed","correlationId":"no-correlation","service":"mailmind-api","environment":"test","leadId":"lead-4","bucket":25,"variant":"A","cumulative":30,"percentAssigned":30}
{"timestamp":"2025-08-27 23:35:35.744","level":"debug","message":"A/B test assignment completed","correlationId":"no-correlation","service":"mailmind-api","environment":"test","leadId":"lead-5","bucket":77,"variant":"B","cumulative":100,"percentAssigned":70}
{"timestamp":"2025-08-27 23:35:35.744","level":"debug","message":"A/B test assignment completed","correlationId":"no-correlation","service":"mailmind-api","environment":"test","leadId":"lead-6","bucket":79,"variant":"B","cumulative":100,"percentAssigned":70}
{"timestamp":"2025-08-27 23:35:35.744","level":"debug","message":"A/B test assignment completed","correlationId":"no-correlation","service":"mailmind-api","environment":"test","leadId":"lead-7","bucket":24,"variant":"A","cumulative":30,"percentAssigned":30}
{"timestamp":"2025-08-27 23:35:35.744","level":"debug","message":"A/B test assignment completed","correlationId":"no-correlation","service":"mailmind-api","environment":"test","leadId":"lead-8","bucket":77,"variant":"B","cumulative":100,"percentAssigned":70}
{"timestamp":"2025-08-27 23:35:35.744","level":"debug","message":"A/B test assignment completed","correlationId":"no-correlation","service":"mailmind-api","environment":"test","leadId":"lead-9","bucket":10,"variant":"A","cumulative":30,"percentAssigned":30}
{"timestamp":"2025-08-27 23:35:35.744","level":"debug","message":"A/B test assignment completed","correlationId":"no-correlation","service":"mailmind-api","environment":"test","leadId":"lead-10","bucket":36,"variant":"B","cumulative":100,"percentAssigned":70}
{"timestamp":"2025-08-27 23:35:35.744","level":"debug","message":"A/B test assignment completed","correlationId":"no-correlation","service":"mailmind-api","environment":"test","leadId":"lead-11","bucket":49,"variant":"B","cumulative":100,"percentAssigned":70}
{"timestamp":"2025-08-27 23:35:35.745","level":"debug","message":"A/B test assignment completed","correlationId":"no-correlation","service":"mailmind-api","environment":"test","leadId":"lead-12","bucket":80,"variant":"B","cumulative":100,"percentAssigned":70}
{"timestamp":"2025-08-27 23:35:35.745","level":"debug","message":"A/B test assignment completed","correlationId":"no-correlation","service":"mailmind-api","environment":"test","leadId":"lead-13","bucket":95,"variant":"B","cumulative":100,"percentAssigned":70}
{"timestamp":"2025-08-27 23:35:35.745","level":"debug","message":"A/B test assignment completed","correlationId":"no-correlation","service":"mailmind-api","environment":"test","leadId":"lead-14","bucket":0,"variant":"A","cumulative":30,"percentAssigned":30}
{"timestamp":"2025-08-27 23:35:35.745","level":"debug","message":"A/B test assignment completed","correlationId":"no-correlation","service":"mailmind-api","environment":"test","leadId":"lead-15","bucket":40,"variant":"B","cumulative":100,"percentAssigned":70}
{"timestamp":"2025-08-27 23:35:35.745","level":"debug","message":"A/B test assignment completed","correlationId":"no-correlation","service":"mailmind-api","environment":"test","leadId":"lead-16","bucket":8,"variant":"A","cumulative":30,"percentAssigned":30}
{"timestamp":"2025-08-27 23:35:35.745","level":"debug","message":"A/B test assignment completed","correlationId":"no-correlation","service":"mailmind-api","environment":"test","leadId":"lead-17","bucket":8,"variant":"A","cumulative":30,"percentAssigned":30}
{"timestamp":"2025-08-27 23:35:35.745","level":"debug","message":"A/B test assignment completed","correlationId":"no-correlation","service":"mailmind-api","environment":"test","leadId":"lead-18","bucket":63,"variant":"B","cumulative":100,"percentAssigned":70}
{"timestamp":"2025-08-27 23:35:35.745","level":"debug","message":"A/B test assignment completed","correlationId":"no-correlation","service":"mailmind-api","environment":"test","leadId":"lead-19","bucket":52,"variant":"B","cumulative":100,"percentAssigned":70}
{"timestamp":"2025-08-27 23:35:35.745","level":"debug","message":"A/B test assignment completed","correlationId":"no-correlation","service":"mailmind-api","environment":"test","leadId":"lead-20","bucket":26,"variant":"A","cumulative":30,"percentAssigned":30}
{"timestamp":"2025-08-27 23:35:35.745","level":"debug","message":"A/B test assignment completed","correlationId":"no-correlation","service":"mailmind-api","environment":"test","leadId":"lead-21","bucket":4,"variant":"A","cumulative":30,"percentAssigned":30}
{"timestamp":"2025-08-27 23:35:35.745","level":"debug","message":"A/B test assignment completed","correlationId":"no-correlation","service":"mailmind-api","environment":"test","leadId":"lead-22","bucket":9,"variant":"A","cumulative":30,"percentAssigned":30}
{"timestamp":"2025-08-27 23:35:35.745","level":"debug","message":"A/B test assignment completed","correlationId":"no-correlation","service":"mailmind-api","environment":"test","leadId":"lead-23","bucket":43,"variant":"B","cumulative":100,"percentAssigned":70}
{"timestamp":"2025-08-27 23:35:35.745","level":"debug","message":"A/B test assignment completed","correlationId":"no-correlation","service":"mailmind-api","environment":"test","leadId":"lead-24","bucket":86,"variant":"B","cumulative":100,"percentAssigned":70}
{"timestamp":"2025-08-27 23:35:35.746","level":"debug","message":"A/B test assignment completed","correlationId":"no-correlation","service":"mailmind-api","environment":"test","leadId":"lead-25","bucket":83,"variant":"B","cumulative":100,"percentAssigned":70}
{"timestamp":"2025-08-27 23:35:35.746","level":"debug","message":"A/B test assignment completed","correlationId":"no-correlation","service":"mailmind-api","environment":"test","leadId":"lead-26","bucket":31,"variant":"B","cumulative":100,"percentAssigned":70}
{"timestamp":"2025-08-27 23:35:35.746","level":"debug","message":"A/B test assignment completed","correlationId":"no-correlation","service":"mailmind-api","environment":"test","leadId":"lead-27","bucket":45,"variant":"B","cumulative":100,"percentAssigned":70}
{"timestamp":"2025-08-27 23:35:35.746","level":"debug","message":"A/B test assignment completed","correlationId":"no-correlation","service":"mailmind-api","environment":"test","leadId":"lead-28","bucket":34,"variant":"B","cumulative":100,"percentAssigned":70}
{"timestamp":"2025-08-27 23:35:35.746","level":"debug","message":"A/B test assignment completed","correlationId":"no-correlation","service":"mailmind-api","environment":"test","leadId":"lead-29","bucket":54,"variant":"B","cumulative":100,"percentAssigned":70}
{"timestamp":"2025-08-27 23:35:35.746","level":"debug","message":"A/B test assignment completed","correlationId":"no-correlation","service":"mailmind-api","environment":"test","leadId":"lead-30","bucket":74,"variant":"B","cumulative":100,"percentAssigned":70}
{"timestamp":"2025-08-27 23:35:35.746","level":"debug","message":"A/B test assignment completed","correlationId":"no-correlation","service":"mailmind-api","environment":"test","leadId":"lead-31","bucket":55,"variant":"B","cumulative":100,"percentAssigned":70}
{"timestamp":"2025-08-27 23:35:35.746","level":"debug","message":"A/B test assignment completed","correlationId":"no-correlation","service":"mailmind-api","environment":"test","leadId":"lead-32","bucket":2,"variant":"A","cumulative":30,"percentAssigned":30}
{"timestamp":"2025-08-27 23:35:35.746","level":"debug","message":"A/B test assignment completed","correlationId":"no-correlation","service":"mailmind-api","environment":"test","leadId":"lead-33","bucket":92,"variant":"B","cumulative":100,"percentAssigned":70}
{"timestamp":"2025-08-27 23:35:35.746","level":"debug","message":"A/B test assignment completed","correlationId":"no-correlation","service":"mailmind-api","environment":"test","leadId":"lead-34","bucket":41,"variant":"B","cumulative":100,"percentAssigned":70}
{"timestamp":"2025-08-27 23:35:35.746","level":"debug","message":"A/B test assignment completed","correlationId":"no-correlation","service":"mailmind-api","environment":"test","leadId":"lead-35","bucket":52,"variant":"B","cumulative":100,"percentAssigned":70}
{"timestamp":"2025-08-27 23:35:35.746","level":"debug","message":"A/B test assignment completed","correlationId":"no-correlation","service":"mailmind-api","environment":"test","leadId":"lead-36","bucket":40,"variant":"B","cumulative":100,"percentAssigned":70}
{"timestamp":"2025-08-27 23:35:35.746","level":"debug","message":"A/B test assignment completed","correlationId":"no-correlation","service":"mailmind-api","environment":"test","leadId":"lead-37","bucket":97,"variant":"B","cumulative":100,"percentAssigned":70}
{"timestamp":"2025-08-27 23:35:35.746","level":"debug","message":"A/B test assignment completed","correlationId":"no-correlation","service":"mailmind-api","environment":"test","leadId":"lead-38","bucket":36,"variant":"B","cumulative":100,"percentAssigned":70}
{"timestamp":"2025-08-27 23:35:35.747","level":"debug","message":"A/B test assignment completed","correlationId":"no-correlation","service":"mailmind-api","environment":"test","leadId":"lead-39","bucket":34,"variant":"B","cumulative":100,"percentAssigned":70}
{"timestamp":"2025-08-27 23:35:35.747","level":"debug","message":"A/B test assignment completed","correlationId":"no-correlation","service":"mailmind-api","environment":"test","leadId":"lead-40","bucket":92,"variant":"B","cumulative":100,"percentAssigned":70}
{"timestamp":"2025-08-27 23:35:35.747","level":"debug","message":"A/B test assignment completed","correlationId":"no-correlation","service":"mailmind-api","environment":"test","leadId":"lead-41","bucket":77,"variant":"B","cumulative":100,"percentAssigned":70}
{"timestamp":"2025-08-27 23:35:35.747","level":"debug","message":"A/B test assignment completed","correlationId":"no-correlation","service":"mailmind-api","environment":"test","leadId":"lead-42","bucket":47,"variant":"B","cumulative":100,"percentAssigned":70}
{"timestamp":"2025-08-27 23:35:35.747","level":"debug","message":"A/B test assignment completed","correlationId":"no-correlation","service":"mailmind-api","environment":"test","leadId":"lead-43","bucket":31,"variant":"B","cumulative":100,"percentAssigned":70}
{"timestamp":"2025-08-27 23:35:35.747","level":"debug","message":"A/B test assignment completed","correlationId":"no-correlation","service":"mailmind-api","environment":"test","leadId":"lead-44","bucket":49,"variant":"B","cumulative":100,"percentAssigned":70}
{"timestamp":"2025-08-27 23:35:35.748","level":"debug","message":"A/B test assignment completed","correlationId":"no-correlation","service":"mailmind-api","environment":"test","leadId":"lead-45","bucket":44,"variant":"B","cumulative":100,"percentAssigned":70}
{"timestamp":"2025-08-27 23:35:35.748","level":"debug","message":"A/B test assignment completed","correlationId":"no-correlation","service":"mailmind-api","environment":"test","leadId":"lead-46","bucket":87,"variant":"B","cumulative":100,"percentAssigned":70}
{"timestamp":"2025-08-27 23:35:35.748","level":"debug","message":"A/B test assignment completed","correlationId":"no-correlation","service":"mailmind-api","environment":"test","leadId":"lead-47","bucket":75,"variant":"B","cumulative":100,"percentAssigned":70}
{"timestamp":"2025-08-27 23:35:35.748","level":"debug","message":"A/B test assignment completed","correlationId":"no-correlation","service":"mailmind-api","environment":"test","leadId":"lead-48","bucket":50,"variant":"B","cumulative":100,"percentAssigned":70}
{"timestamp":"2025-08-27 23:35:35.748","level":"debug","message":"A/B test assignment completed","correlationId":"no-correlation","service":"mailmind-api","environment":"test","leadId":"lead-49","bucket":26,"variant":"A","cumulative":30,"percentAssigned":30}
{"timestamp":"2025-08-27 23:35:35.748","level":"debug","message":"A/B test assignment completed","correlationId":"no-correlation","service":"mailmind-api","environment":"test","leadId":"lead-50","bucket":60,"variant":"B","cumulative":100,"percentAssigned":70}
{"timestamp":"2025-08-27 23:35:35.748","level":"debug","message":"A/B test assignment completed","correlationId":"no-correlation","service":"mailmind-api","environment":"test","leadId":"lead-51","bucket":91,"variant":"B","cumulative":100,"percentAssigned":70}
{"timestamp":"2025-08-27 23:35:35.748","level":"debug","message":"A/B test assignment completed","correlationId":"no-correlation","service":"mailmind-api","environment":"test","leadId":"lead-52","bucket":79,"variant":"B","cumulative":100,"percentAssigned":70}
{"timestamp":"2025-08-27 23:35:35.748","level":"debug","message":"A/B test assignment completed","correlationId":"no-correlation","service":"mailmind-api","environment":"test","leadId":"lead-53","bucket":51,"variant":"B","cumulative":100,"percentAssigned":70}
{"timestamp":"2025-08-27 23:35:35.748","level":"debug","message":"A/B test assignment completed","correlationId":"no-correlation","service":"mailmind-api","environment":"test","leadId":"lead-54","bucket":98,"variant":"B","cumulative":100,"percentAssigned":70}
{"timestamp":"2025-08-27 23:35:35.748","level":"debug","message":"A/B test assignment completed","correlationId":"no-correlation","service":"mailmind-api","environment":"test","leadId":"lead-55","bucket":36,"variant":"B","cumulative":100,"percentAssigned":70}
{"timestamp":"2025-08-27 23:35:35.749","level":"debug","message":"A/B test assignment completed","correlationId":"no-correlation","service":"mailmind-api","environment":"test","leadId":"lead-56","bucket":32,"variant":"B","cumulative":100,"percentAssigned":70}
{"timestamp":"2025-08-27 23:35:35.749","level":"debug","message":"A/B test assignment completed","correlationId":"no-correlation","service":"mailmind-api","environment":"test","leadId":"lead-57","bucket":77,"variant":"B","cumulative":100,"percentAssigned":70}
{"timestamp":"2025-08-27 23:35:35.749","level":"debug","message":"A/B test assignment completed","correlationId":"no-correlation","service":"mailmind-api","environment":"test","leadId":"lead-58","bucket":35,"variant":"B","cumulative":100,"percentAssigned":70}
{"timestamp":"2025-08-27 23:35:35.749","level":"debug","message":"A/B test assignment completed","correlationId":"no-correlation","service":"mailmind-api","environment":"test","leadId":"lead-59","bucket":18,"variant":"A","cumulative":30,"percentAssigned":30}
{"timestamp":"2025-08-27 23:35:35.749","level":"debug","message":"A/B test assignment completed","correlationId":"no-correlation","service":"mailmind-api","environment":"test","leadId":"lead-60","bucket":22,"variant":"A","cumulative":30,"percentAssigned":30}
{"timestamp":"2025-08-27 23:35:35.749","level":"debug","message":"A/B test assignment completed","correlationId":"no-correlation","service":"mailmind-api","environment":"test","leadId":"lead-61","bucket":91,"variant":"B","cumulative":100,"percentAssigned":70}
{"timestamp":"2025-08-27 23:35:35.749","level":"debug","message":"A/B test assignment completed","correlationId":"no-correlation","service":"mailmind-api","environment":"test","leadId":"lead-62","bucket":55,"variant":"B","cumulative":100,"percentAssigned":70}
{"timestamp":"2025-08-27 23:35:35.749","level":"debug","message":"A/B test assignment completed","correlationId":"no-correlation","service":"mailmind-api","environment":"test","leadId":"lead-63","bucket":64,"variant":"B","cumulative":100,"percentAssigned":70}
{"timestamp":"2025-08-27 23:35:35.749","level":"debug","message":"A/B test assignment completed","correlationId":"no-correlation","service":"mailmind-api","environment":"test","leadId":"lead-64","bucket":46,"variant":"B","cumulative":100,"percentAssigned":70}
{"timestamp":"2025-08-27 23:35:35.749","level":"debug","message":"A/B test assignment completed","correlationId":"no-correlation","service":"mailmind-api","environment":"test","leadId":"lead-65","bucket":96,"variant":"B","cumulative":100,"percentAssigned":70}
{"timestamp":"2025-08-27 23:35:35.749","level":"debug","message":"A/B test assignment completed","correlationId":"no-correlation","service":"mailmind-api","environment":"test","leadId":"lead-66","bucket":30,"variant":"B","cumulative":100,"percentAssigned":70}
{"timestamp":"2025-08-27 23:35:35.749","level":"debug","message":"A/B test assignment completed","correlationId":"no-correlation","service":"mailmind-api","environment":"test","leadId":"lead-67","bucket":44,"variant":"B","cumulative":100,"percentAssigned":70}
{"timestamp":"2025-08-27 23:35:35.749","level":"debug","message":"A/B test assignment completed","correlationId":"no-correlation","service":"mailmind-api","environment":"test","leadId":"lead-68","bucket":92,"variant":"B","cumulative":100,"percentAssigned":70}
{"timestamp":"2025-08-27 23:35:35.749","level":"debug","message":"A/B test assignment completed","correlationId":"no-correlation","service":"mailmind-api","environment":"test","leadId":"lead-69","bucket":9,"variant":"A","cumulative":30,"percentAssigned":30}
{"timestamp":"2025-08-27 23:35:35.749","level":"debug","message":"A/B test assignment completed","correlationId":"no-correlation","service":"mailmind-api","environment":"test","leadId":"lead-70","bucket":4,"variant":"A","cumulative":30,"percentAssigned":30}
{"timestamp":"2025-08-27 23:35:35.749","level":"debug","message":"A/B test assignment completed","correlationId":"no-correlation","service":"mailmind-api","environment":"test","leadId":"lead-71","bucket":99,"variant":"B","cumulative":100,"percentAssigned":70}
{"timestamp":"2025-08-27 23:35:35.749","level":"debug","message":"A/B test assignment completed","correlationId":"no-correlation","service":"mailmind-api","environment":"test","leadId":"lead-72","bucket":12,"variant":"A","cumulative":30,"percentAssigned":30}
{"timestamp":"2025-08-27 23:35:35.749","level":"debug","message":"A/B test assignment completed","correlationId":"no-correlation","service":"mailmind-api","environment":"test","leadId":"lead-73","bucket":3,"variant":"A","cumulative":30,"percentAssigned":30}
{"timestamp":"2025-08-27 23:35:35.749","level":"debug","message":"A/B test assignment completed","correlationId":"no-correlation","service":"mailmind-api","environment":"test","leadId":"lead-74","bucket":34,"variant":"B","cumulative":100,"percentAssigned":70}
{"timestamp":"2025-08-27 23:35:35.750","level":"debug","message":"A/B test assignment completed","correlationId":"no-correlation","service":"mailmind-api","environment":"test","leadId":"lead-75","bucket":46,"variant":"B","cumulative":100,"percentAssigned":70}
{"timestamp":"2025-08-27 23:35:35.750","level":"debug","message":"A/B test assignment completed","correlationId":"no-correlation","service":"mailmind-api","environment":"test","leadId":"lead-76","bucket":18,"variant":"A","cumulative":30,"percentAssigned":30}
{"timestamp":"2025-08-27 23:35:35.750","level":"debug","message":"A/B test assignment completed","correlationId":"no-correlation","service":"mailmind-api","environment":"test","leadId":"lead-77","bucket":13,"variant":"A","cumulative":30,"percentAssigned":30}
{"timestamp":"2025-08-27 23:35:35.750","level":"debug","message":"A/B test assignment completed","correlationId":"no-correlation","service":"mailmind-api","environment":"test","leadId":"lead-78","bucket":26,"variant":"A","cumulative":30,"percentAssigned":30}
{"timestamp":"2025-08-27 23:35:35.750","level":"debug","message":"A/B test assignment completed","correlationId":"no-correlation","service":"mailmind-api","environment":"test","leadId":"lead-79","bucket":74,"variant":"B","cumulative":100,"percentAssigned":70}
{"timestamp":"2025-08-27 23:35:35.750","level":"debug","message":"A/B test assignment completed","correlationId":"no-correlation","service":"mailmind-api","environment":"test","leadId":"lead-80","bucket":48,"variant":"B","cumulative":100,"percentAssigned":70}
{"timestamp":"2025-08-27 23:35:35.750","level":"debug","message":"A/B test assignment completed","correlationId":"no-correlation","service":"mailmind-api","environment":"test","leadId":"lead-81","bucket":6,"variant":"A","cumulative":30,"percentAssigned":30}
{"timestamp":"2025-08-27 23:35:35.750","level":"debug","message":"A/B test assignment completed","correlationId":"no-correlation","service":"mailmind-api","environment":"test","leadId":"lead-82","bucket":20,"variant":"A","cumulative":30,"percentAssigned":30}
{"timestamp":"2025-08-27 23:35:35.750","level":"debug","message":"A/B test assignment completed","correlationId":"no-correlation","service":"mailmind-api","environment":"test","leadId":"lead-83","bucket":29,"variant":"A","cumulative":30,"percentAssigned":30}
{"timestamp":"2025-08-27 23:35:35.750","level":"debug","message":"A/B test assignment completed","correlationId":"no-correlation","service":"mailmind-api","environment":"test","leadId":"lead-84","bucket":26,"variant":"A","cumulative":30,"percentAssigned":30}
{"timestamp":"2025-08-27 23:35:35.750","level":"debug","message":"A/B test assignment completed","correlationId":"no-correlation","service":"mailmind-api","environment":"test","leadId":"lead-85","bucket":87,"variant":"B","cumulative":100,"percentAssigned":70}
{"timestamp":"2025-08-27 23:35:35.750","level":"debug","message":"A/B test assignment completed","correlationId":"no-correlation","service":"mailmind-api","environment":"test","leadId":"lead-86","bucket":0,"variant":"A","cumulative":30,"percentAssigned":30}
{"timestamp":"2025-08-27 23:35:35.750","level":"debug","message":"A/B test assignment completed","correlationId":"no-correlation","service":"mailmind-api","environment":"test","leadId":"lead-87","bucket":48,"variant":"B","cumulative":100,"percentAssigned":70}
{"timestamp":"2025-08-27 23:35:35.750","level":"debug","message":"A/B test assignment completed","correlationId":"no-correlation","service":"mailmind-api","environment":"test","leadId":"lead-88","bucket":66,"variant":"B","cumulative":100,"percentAssigned":70}
{"timestamp":"2025-08-27 23:35:35.751","level":"debug","message":"A/B test assignment completed","correlationId":"no-correlation","service":"mailmind-api","environment":"test","leadId":"lead-89","bucket":43,"variant":"B","cumulative":100,"percentAssigned":70}
{"timestamp":"2025-08-27 23:35:35.751","level":"debug","message":"A/B test assignment completed","correlationId":"no-correlation","service":"mailmind-api","environment":"test","leadId":"lead-90","bucket":30,"variant":"B","cumulative":100,"percentAssigned":70}
{"timestamp":"2025-08-27 23:35:35.751","level":"debug","message":"A/B test assignment completed","correlationId":"no-correlation","service":"mailmind-api","environment":"test","leadId":"lead-91","bucket":39,"variant":"B","cumulative":100,"percentAssigned":70}
{"timestamp":"2025-08-27 23:35:35.751","level":"debug","message":"A/B test assignment completed","correlationId":"no-correlation","service":"mailmind-api","environment":"test","leadId":"lead-92","bucket":43,"variant":"B","cumulative":100,"percentAssigned":70}
{"timestamp":"2025-08-27 23:35:35.751","level":"debug","message":"A/B test assignment completed","correlationId":"no-correlation","service":"mailmind-api","environment":"test","leadId":"lead-93","bucket":86,"variant":"B","cumulative":100,"percentAssigned":70}
{"timestamp":"2025-08-27 23:35:35.751","level":"debug","message":"A/B test assignment completed","correlationId":"no-correlation","service":"mailmind-api","environment":"test","leadId":"lead-94","bucket":15,"variant":"A","cumulative":30,"percentAssigned":30}
{"timestamp":"2025-08-27 23:35:35.751","level":"debug","message":"A/B test assignment completed","correlationId":"no-correlation","service":"mailmind-api","environment":"test","leadId":"lead-95","bucket":99,"variant":"B","cumulative":100,"percentAssigned":70}
{"timestamp":"2025-08-27 23:35:35.751","level":"debug","message":"A/B test assignment completed","correlationId":"no-correlation","service":"mailmind-api","environment":"test","leadId":"lead-96","bucket":97,"variant":"B","cumulative":100,"percentAssigned":70}
{"timestamp":"2025-08-27 23:35:35.751","level":"debug","message":"A/B test assignment completed","correlationId":"no-correlation","service":"mailmind-api","environment":"test","leadId":"lead-97","bucket":94,"variant":"B","cumulative":100,"percentAssigned":70}
{"timestamp":"2025-08-27 23:35:35.751","level":"debug","message":"A/B test assignment completed","correlationId":"no-correlation","service":"mailmind-api","environment":"test","leadId":"lead-98","bucket":11,"variant":"A","cumulative":30,"percentAssigned":30}
{"timestamp":"2025-08-27 23:35:35.751","level":"debug","message":"A/B test assignment completed","correlationId":"no-correlation","service":"mailmind-api","environment":"test","leadId":"lead-99","bucket":71,"variant":"B","cumulative":100,"percentAssigned":70}
{"timestamp":"2025-08-27 23:35:35.753","level":"warn","message":"Invalid template provided","correlationId":"no-correlation","service":"mailmind-api","environment":"test","template":null,"leadId":"lead-test"}
{"timestamp":"2025-08-27 23:35:35.754","level":"debug","message":"A/B test assignment completed","correlationId":"no-correlation","service":"mailmind-api","environment":"test","leadId":"lead-fallback","bucket":47,"variant":"A","cumulative":50,"percentAssigned":50}
